mode: set
github.com/containerum/containerum/embark/pkg/cli/flags/install.go:14.41,16.2 1 1
github.com/containerum/containerum/embark/pkg/cgraph/graph.go:13.37,15.2 1 0
github.com/containerum/containerum/embark/pkg/cgraph/graph.go:17.76,19.2 1 0
github.com/containerum/containerum/embark/pkg/cgraph/graph.go:21.32,27.2 1 0
github.com/containerum/containerum/embark/pkg/cgraph/graph.go:29.35,30.20 1 1
github.com/containerum/containerum/embark/pkg/cgraph/graph.go:37.2,37.12 1 1
github.com/containerum/containerum/embark/pkg/cgraph/graph.go:30.20,31.16 1 1
github.com/containerum/containerum/embark/pkg/cgraph/graph.go:35.3,35.23 1 1
github.com/containerum/containerum/embark/pkg/cgraph/graph.go:31.16,34.4 1 1
github.com/containerum/containerum/embark/pkg/cgraph/graph.go:42.23,44.2 1 0
github.com/containerum/containerum/embark/pkg/cgraph/graph.go:46.36,48.2 1 0
github.com/containerum/containerum/embark/pkg/cgraph/graph.go:84.47,86.9 2 1
github.com/containerum/containerum/embark/pkg/cgraph/graph.go:89.2,89.13 1 1
github.com/containerum/containerum/embark/pkg/cgraph/graph.go:86.9,87.77 1 0
github.com/containerum/containerum/embark/pkg/cgraph/graph.go:92.47,94.36 2 1
github.com/containerum/containerum/embark/pkg/cgraph/graph.go:99.2,99.23 1 1
github.com/containerum/containerum/embark/pkg/cgraph/graph.go:94.36,95.48 1 1
github.com/containerum/containerum/embark/pkg/cgraph/graph.go:95.48,97.4 1 0
github.com/containerum/containerum/embark/pkg/cgraph/graph.go:102.83,109.2 2 1
github.com/containerum/containerum/embark/pkg/cgraph/graph.go:111.37,113.26 2 0
github.com/containerum/containerum/embark/pkg/cgraph/graph.go:116.2,116.14 1 0
github.com/containerum/containerum/embark/pkg/cgraph/graph.go:113.26,115.3 1 0
github.com/containerum/containerum/embark/pkg/cgraph/graph.go:121.60,122.12 1 0
github.com/containerum/containerum/embark/pkg/cgraph/graph.go:122.12,123.30 1 0
github.com/containerum/containerum/embark/pkg/cgraph/graph.go:123.30,124.11 1 0
github.com/containerum/containerum/embark/pkg/cgraph/graph.go:125.16,126.11 1 0
github.com/containerum/containerum/embark/pkg/cgraph/graph.go:127.19,128.13 1 0
github.com/containerum/containerum/embark/pkg/cgraph/sgraph.go:7.55,9.2 1 1
github.com/containerum/containerum/embark/pkg/cgraph/sgraph.go:11.69,14.33 3 1
github.com/containerum/containerum/embark/pkg/cgraph/sgraph.go:14.33,17.3 2 1
github.com/containerum/containerum/embark/pkg/cgraph/sgraph.go:20.54,22.2 1 1
github.com/containerum/containerum/embark/pkg/cgraph/sgraph.go:24.38,26.26 2 0
github.com/containerum/containerum/embark/pkg/cgraph/sgraph.go:29.2,29.14 1 0
github.com/containerum/containerum/embark/pkg/cgraph/sgraph.go:26.26,28.3 1 0
github.com/containerum/containerum/embark/pkg/cgraph/sgraph.go:32.62,34.2 1 0
github.com/containerum/containerum/embark/pkg/cgraph/sgraph.go:36.40,38.2 1 1
github.com/containerum/containerum/embark/pkg/depsearch/index.go:5.84,7.2 1 0
github.com/containerum/containerum/embark/pkg/depsearch/index.go:9.39,11.2 1 0
github.com/containerum/containerum/embark/pkg/depsearch/index.go:13.61,16.2 2 1
github.com/containerum/containerum/embark/pkg/depsearch/index.go:18.46,20.26 2 0
github.com/containerum/containerum/embark/pkg/depsearch/index.go:23.2,23.14 1 0
github.com/containerum/containerum/embark/pkg/depsearch/index.go:20.26,22.3 1 0
github.com/containerum/containerum/embark/pkg/depsearch/searcher.go:29.44,31.26 2 0
github.com/containerum/containerum/embark/pkg/depsearch/searcher.go:34.2,38.8 1 0
github.com/containerum/containerum/embark/pkg/depsearch/searcher.go:31.26,33.3 1 0
github.com/containerum/containerum/embark/pkg/depsearch/searcher.go:41.24,43.26 2 1
github.com/containerum/containerum/embark/pkg/depsearch/searcher.go:46.2,50.3 1 1
github.com/containerum/containerum/embark/pkg/depsearch/searcher.go:43.26,44.23 1 0
github.com/containerum/containerum/embark/pkg/depsearch/searcher.go:53.57,55.61 2 0
github.com/containerum/containerum/embark/pkg/depsearch/searcher.go:69.2,69.17 1 0
github.com/containerum/containerum/embark/pkg/depsearch/searcher.go:55.61,57.29 2 0
github.com/containerum/containerum/embark/pkg/depsearch/searcher.go:63.3,64.61 2 0
github.com/containerum/containerum/embark/pkg/depsearch/searcher.go:67.3,67.47 1 0
github.com/containerum/containerum/embark/pkg/depsearch/searcher.go:57.29,59.30 2 0
github.com/containerum/containerum/embark/pkg/depsearch/searcher.go:59.30,60.13 1 0
github.com/containerum/containerum/embark/pkg/depsearch/searcher.go:64.61,65.12 1 0
github.com/containerum/containerum/embark/pkg/depsearch/searcher.go:72.93,74.21 2 0
github.com/containerum/containerum/embark/pkg/depsearch/searcher.go:77.2,77.47 1 0
github.com/containerum/containerum/embark/pkg/depsearch/searcher.go:80.2,81.32 2 0
github.com/containerum/containerum/embark/pkg/depsearch/searcher.go:93.2,93.34 1 0
github.com/containerum/containerum/embark/pkg/depsearch/searcher.go:109.2,109.88 1 0
github.com/containerum/containerum/embark/pkg/depsearch/searcher.go:74.21,76.3 1 0
github.com/containerum/containerum/embark/pkg/depsearch/searcher.go:77.47,79.3 1 0
github.com/containerum/containerum/embark/pkg/depsearch/searcher.go:81.32,82.44 1 0
github.com/containerum/containerum/embark/pkg/depsearch/searcher.go:82.44,83.22 1 0
github.com/containerum/containerum/embark/pkg/depsearch/searcher.go:86.4,87.30 2 0
github.com/containerum/containerum/embark/pkg/depsearch/searcher.go:90.4,90.75 1 0
github.com/containerum/containerum/embark/pkg/depsearch/searcher.go:83.22,85.5 1 0
github.com/containerum/containerum/embark/pkg/depsearch/searcher.go:87.30,89.5 1 0
github.com/containerum/containerum/embark/pkg/depsearch/searcher.go:93.34,95.29 2 0
github.com/containerum/containerum/embark/pkg/depsearch/searcher.go:101.3,102.61 2 0
github.com/containerum/containerum/embark/pkg/depsearch/searcher.go:105.3,105.40 1 0
github.com/containerum/containerum/embark/pkg/depsearch/searcher.go:95.29,97.30 2 0
github.com/containerum/containerum/embark/pkg/depsearch/searcher.go:97.30,98.13 1 0
github.com/containerum/containerum/embark/pkg/depsearch/searcher.go:102.61,103.12 1 0
github.com/containerum/containerum/embark/pkg/depsearch/searcher.go:105.40,107.4 1 0
github.com/containerum/containerum/embark/pkg/depsearch/searcher.go:112.79,114.2 1 0
github.com/containerum/containerum/embark/pkg/depsearch/utils.go:13.75,15.47 2 1
github.com/containerum/containerum/embark/pkg/depsearch/utils.go:19.2,19.14 1 1
github.com/containerum/containerum/embark/pkg/depsearch/utils.go:15.47,18.3 2 1
github.com/containerum/containerum/embark/pkg/depsearch/utils.go:22.54,24.89 2 0
github.com/containerum/containerum/embark/pkg/depsearch/utils.go:32.2,32.40 1 0
github.com/containerum/containerum/embark/pkg/depsearch/utils.go:24.89,25.70 1 0
github.com/containerum/containerum/embark/pkg/depsearch/utils.go:28.3,30.13 3 0
github.com/containerum/containerum/embark/pkg/depsearch/utils.go:25.70,27.4 1 0
github.com/containerum/containerum/embark/pkg/depsearch/utils.go:32.40,34.3 1 0
github.com/containerum/containerum/embark/pkg/depsearch/utils.go:37.48,38.45 1 1
github.com/containerum/containerum/embark/pkg/depsearch/utils.go:43.2,44.24 2 1
github.com/containerum/containerum/embark/pkg/depsearch/utils.go:47.2,48.37 2 1
github.com/containerum/containerum/embark/pkg/depsearch/utils.go:59.2,59.40 1 1
github.com/containerum/containerum/embark/pkg/depsearch/utils.go:38.45,39.41 1 0
github.com/containerum/containerum/embark/pkg/depsearch/utils.go:39.41,41.4 1 0
github.com/containerum/containerum/embark/pkg/depsearch/utils.go:44.24,46.3 1 0
github.com/containerum/containerum/embark/pkg/depsearch/utils.go:48.37,50.21 2 1
github.com/containerum/containerum/embark/pkg/depsearch/utils.go:53.3,53.59 1 1
github.com/containerum/containerum/embark/pkg/depsearch/utils.go:56.3,57.57 2 1
github.com/containerum/containerum/embark/pkg/depsearch/utils.go:50.21,52.4 1 0
github.com/containerum/containerum/embark/pkg/depsearch/utils.go:53.59,54.12 1 1
github.com/containerum/containerum/embark/pkg/depsearch/utils.go:59.40,61.3 1 1
github.com/containerum/containerum/embark/pkg/depsearch/utils.go:68.37,70.16 2 0
github.com/containerum/containerum/embark/pkg/depsearch/utils.go:73.2,73.20 1 0
github.com/containerum/containerum/embark/pkg/depsearch/utils.go:70.16,72.3 1 0
github.com/containerum/containerum/embark/pkg/depsearch/utils.go:76.39,78.16 2 0
github.com/containerum/containerum/embark/pkg/depsearch/utils.go:81.2,81.22 1 0
github.com/containerum/containerum/embark/pkg/depsearch/utils.go:78.16,80.3 1 0
github.com/containerum/containerum/embark/pkg/emberr/chain.go:18.48,23.2 1 0
github.com/containerum/containerum/embark/pkg/emberr/chain.go:25.31,27.2 1 0
github.com/containerum/containerum/embark/pkg/emberr/chain.go:29.33,34.31 2 0
github.com/containerum/containerum/embark/pkg/emberr/chain.go:37.2,37.21 1 0
github.com/containerum/containerum/embark/pkg/emberr/chain.go:34.31,36.4 1 0
github.com/containerum/containerum/embark/pkg/emberr/chain.go:40.33,41.23 1 0
github.com/containerum/containerum/embark/pkg/emberr/chain.go:42.9,43.18 1 0
github.com/containerum/containerum/embark/pkg/emberr/chain.go:44.9,47.4 1 0
github.com/containerum/containerum/embark/pkg/emberr/chain.go:48.10,52.4 1 0
github.com/containerum/containerum/embark/pkg/emberr/errors.go:25.49,27.2 1 0
github.com/containerum/containerum/embark/pkg/emberr/errors.go:29.49,31.2 1 0
github.com/containerum/containerum/embark/pkg/emberr/errors.go:43.59,44.23 1 0
github.com/containerum/containerum/embark/pkg/emberr/errors.go:47.2,47.42 1 0
github.com/containerum/containerum/embark/pkg/emberr/errors.go:44.23,46.3 1 0
github.com/containerum/containerum/embark/pkg/emberr/errors.go:50.59,52.2 1 0
github.com/containerum/containerum/embark/pkg/emberr/errors.go:66.51,68.21 2 0
github.com/containerum/containerum/embark/pkg/emberr/errors.go:71.2,71.22 1 0
github.com/containerum/containerum/embark/pkg/emberr/errors.go:74.2,74.23 1 0
github.com/containerum/containerum/embark/pkg/emberr/errors.go:77.2,77.11 1 0
github.com/containerum/containerum/embark/pkg/emberr/errors.go:68.21,70.3 1 0
github.com/containerum/containerum/embark/pkg/emberr/errors.go:71.22,73.3 1 0
github.com/containerum/containerum/embark/pkg/emberr/errors.go:74.23,76.3 1 0
github.com/containerum/containerum/embark/pkg/emberr/errors.go:80.51,82.2 1 0
github.com/containerum/containerum/embark/pkg/emberr/errors.go:95.48,97.2 1 0
github.com/containerum/containerum/embark/pkg/emberr/errors.go:99.48,101.2 1 0
github.com/containerum/containerum/embark/pkg/emberr/errors.go:115.51,117.22 2 0
github.com/containerum/containerum/embark/pkg/emberr/errors.go:120.2,120.43 1 0
github.com/containerum/containerum/embark/pkg/emberr/errors.go:117.22,119.3 1 0
github.com/containerum/containerum/embark/pkg/emberr/errors.go:123.51,125.2 1 0
github.com/containerum/containerum/embark/pkg/emberr/errors.go:135.56,137.2 1 0
github.com/containerum/containerum/embark/pkg/emberr/errors.go:139.52,141.2 1 0
github.com/containerum/containerum/embark/pkg/emberr/errors.go:143.52,145.2 1 0
github.com/containerum/containerum/embark/pkg/emberr/errors.go:159.55,161.23 2 0
github.com/containerum/containerum/embark/pkg/emberr/errors.go:164.2,164.50 1 0
github.com/containerum/containerum/embark/pkg/emberr/errors.go:161.23,163.3 1 0
github.com/containerum/containerum/embark/pkg/emberr/errors.go:167.55,169.2 1 0
github.com/containerum/containerum/embark/pkg/emberr/errors.go:180.44,182.24 2 0
github.com/containerum/containerum/embark/pkg/emberr/errors.go:185.2,185.50 1 0
github.com/containerum/containerum/embark/pkg/emberr/errors.go:182.24,184.3 1 0
github.com/containerum/containerum/embark/pkg/emberr/errors.go:188.44,190.2 1 0
github.com/containerum/containerum/embark/pkg/emberr/errors.go:204.49,204.70 1 0
github.com/containerum/containerum/embark/pkg/emberr/errors.go:206.49,208.23 2 0
github.com/containerum/containerum/embark/pkg/emberr/errors.go:211.2,211.23 1 0
github.com/containerum/containerum/embark/pkg/emberr/errors.go:214.2,214.12 1 0
github.com/containerum/containerum/embark/pkg/emberr/errors.go:208.23,210.3 1 0
github.com/containerum/containerum/embark/pkg/emberr/errors.go:211.23,213.3 1 0
github.com/containerum/containerum/embark/pkg/emberr/errors.go:228.45,228.59 1 0
github.com/containerum/containerum/embark/pkg/emberr/errors.go:230.51,233.47 3 1
github.com/containerum/containerum/embark/pkg/emberr/errors.go:240.2,240.16 1 1
github.com/containerum/containerum/embark/pkg/emberr/errors.go:233.47,235.36 2 1
github.com/containerum/containerum/embark/pkg/emberr/errors.go:235.36,238.4 2 1
github.com/containerum/containerum/embark/pkg/emberr/errors.go:243.45,245.2 1 0
github.com/containerum/containerum/embark/pkg/emberr/errors.go:258.53,258.74 1 0
github.com/containerum/containerum/embark/pkg/emberr/errors.go:260.53,262.2 1 0
github.com/containerum/containerum/embark/pkg/emberr/errors.go:275.53,275.74 1 0
github.com/containerum/containerum/embark/pkg/emberr/errors.go:277.53,279.2 1 0
github.com/containerum/containerum/embark/pkg/emberr/errors.go:292.38,292.59 1 0
github.com/containerum/containerum/embark/pkg/emberr/errors.go:294.38,296.2 1 0
github.com/containerum/containerum/embark/pkg/emberr/errors.go:309.50,309.71 1 0
github.com/containerum/containerum/embark/pkg/emberr/errors.go:311.50,313.2 1 0
github.com/containerum/containerum/embark/pkg/emberr/errors.go:322.51,324.2 1 0
github.com/containerum/containerum/embark/pkg/emberr/errors.go:338.52,338.73 1 0
github.com/containerum/containerum/embark/pkg/emberr/errors.go:340.52,342.2 1 0
github.com/containerum/containerum/embark/pkg/emberr/errors.go:356.56,358.2 1 0
github.com/containerum/containerum/embark/pkg/emberr/errors.go:360.56,362.2 1 0
github.com/containerum/containerum/embark/pkg/emberr/fatality.go:24.51,26.2 1 0
github.com/containerum/containerum/embark/pkg/emberr/fatality.go:28.30,31.2 2 0
github.com/containerum/containerum/embark/pkg/emberr/fatality.go:33.27,36.2 2 0
github.com/containerum/containerum/embark/pkg/emberr/fatality.go:38.34,39.18 1 0
github.com/containerum/containerum/embark/pkg/emberr/fatality.go:39.18,41.3 1 0
github.com/containerum/containerum/embark/pkg/kube/options.go:5.49,9.2 1 0
github.com/containerum/containerum/embark/pkg/kube/options.go:11.61,15.2 1 0
github.com/containerum/containerum/embark/pkg/kube/options.go:17.59,21.2 1 0
github.com/containerum/containerum/embark/pkg/kube/options.go:23.72,27.2 1 0
github.com/containerum/containerum/embark/pkg/kube/config.go:11.58,12.35 1 0
github.com/containerum/containerum/embark/pkg/kube/config.go:23.2,23.15 1 0
github.com/containerum/containerum/embark/pkg/kube/config.go:12.35,13.35 1 0
github.com/containerum/containerum/embark/pkg/kube/config.go:16.3,16.43 1 0
github.com/containerum/containerum/embark/pkg/kube/config.go:19.3,19.27 1 0
github.com/containerum/containerum/embark/pkg/kube/config.go:13.35,15.4 1 0
github.com/containerum/containerum/embark/pkg/kube/config.go:16.43,18.4 1 0
github.com/containerum/containerum/embark/pkg/kube/config.go:19.27,21.4 1 0
github.com/containerum/containerum/embark/pkg/kube/config.go:26.62,27.33 1 0
github.com/containerum/containerum/embark/pkg/kube/config.go:30.2,30.41 1 0
github.com/containerum/containerum/embark/pkg/kube/config.go:33.2,33.26 1 0
github.com/containerum/containerum/embark/pkg/kube/config.go:27.33,29.3 1 0
github.com/containerum/containerum/embark/pkg/kube/config.go:30.41,32.3 1 0
github.com/containerum/containerum/embark/pkg/kube/helpers.go:15.47,18.2 2 0
github.com/containerum/containerum/embark/pkg/kube/helpers.go:20.73,21.39 1 0
github.com/containerum/containerum/embark/pkg/kube/helpers.go:21.39,23.17 2 0
github.com/containerum/containerum/embark/pkg/kube/helpers.go:29.3,29.36 1 0
github.com/containerum/containerum/embark/pkg/kube/helpers.go:23.17,28.4 1 0
github.com/containerum/containerum/embark/pkg/kube/helpers.go:33.66,36.2 2 0
github.com/containerum/containerum/embark/pkg/kube/helpers.go:38.55,41.2 2 1
github.com/containerum/containerum/embark/pkg/kube/helpers.go:43.37,45.29 2 0
github.com/containerum/containerum/embark/pkg/kube/helpers.go:48.2,48.43 1 0
github.com/containerum/containerum/embark/pkg/kube/helpers.go:45.29,47.3 1 0
github.com/containerum/containerum/embark/pkg/kube/kube.go:25.38,27.2 1 0
github.com/containerum/containerum/embark/pkg/kube/kube.go:29.62,31.2 1 0
github.com/containerum/containerum/embark/pkg/kube/kube.go:38.48,45.29 3 0
github.com/containerum/containerum/embark/pkg/kube/kube.go:48.2,49.30 2 0
github.com/containerum/containerum/embark/pkg/kube/kube.go:52.2,56.25 2 0
github.com/containerum/containerum/embark/pkg/kube/kube.go:45.29,47.3 1 0
github.com/containerum/containerum/embark/pkg/kube/kube.go:49.30,51.3 1 0
github.com/containerum/containerum/embark/pkg/kube/kube.go:59.43,63.2 3 0
github.com/containerum/containerum/embark/pkg/kube/kubectlConfig.go:13.50,24.2 1 0
github.com/containerum/containerum/embark/pkg/kube/kubectlConfig.go:26.63,29.2 2 0
github.com/containerum/containerum/embark/pkg/kube/kubectlConfig.go:36.63,38.2 1 0
github.com/containerum/containerum/embark/pkg/kube/kubectlConfig.go:40.80,41.16 1 1
github.com/containerum/containerum/embark/pkg/kube/kubectlConfig.go:46.2,46.24 1 1
github.com/containerum/containerum/embark/pkg/kube/kubectlConfig.go:41.16,42.40 1 0
github.com/containerum/containerum/embark/pkg/kube/kubectlConfig.go:42.40,44.4 1 0
github.com/containerum/containerum/embark/pkg/kube/kubectlConfig.go:53.85,55.44 2 0
github.com/containerum/containerum/embark/pkg/kube/kubectlConfig.go:58.2,59.16 2 0
github.com/containerum/containerum/embark/pkg/kube/kubectlConfig.go:62.2,63.12 2 0
github.com/containerum/containerum/embark/pkg/kube/kubectlConfig.go:55.44,57.3 1 0
github.com/containerum/containerum/embark/pkg/kube/kubectlConfig.go:59.16,61.3 1 0
github.com/containerum/containerum/embark/pkg/kubeconf/load.go:14.44,16.54 2 0
github.com/containerum/containerum/embark/pkg/kubeconf/load.go:19.2,19.23 1 0
github.com/containerum/containerum/embark/pkg/kubeconf/load.go:16.54,18.3 1 0
github.com/containerum/containerum/embark/pkg/kubeconf/load.go:22.56,24.30 2 0
github.com/containerum/containerum/embark/pkg/kubeconf/load.go:27.2,27.19 1 0
github.com/containerum/containerum/embark/pkg/kubeconf/load.go:24.30,26.3 1 0
github.com/containerum/containerum/embark/pkg/kubeconf/load.go:30.55,32.44 2 0
github.com/containerum/containerum/embark/pkg/kubeconf/load.go:35.2,35.26 1 0
github.com/containerum/containerum/embark/pkg/kubeconf/load.go:32.44,34.3 1 0
github.com/containerum/containerum/embark/pkg/kubeconf/config.go:49.50,59.42 3 1
github.com/containerum/containerum/embark/pkg/kubeconf/config.go:69.2,69.44 1 1
github.com/containerum/containerum/embark/pkg/kubeconf/config.go:79.2,79.23 1 1
github.com/containerum/containerum/embark/pkg/kubeconf/config.go:59.42,61.27 2 1
github.com/containerum/containerum/embark/pkg/kubeconf/config.go:64.3,67.5 1 1
github.com/containerum/containerum/embark/pkg/kubeconf/config.go:61.27,63.4 1 0
github.com/containerum/containerum/embark/pkg/kubeconf/config.go:69.44,71.38 2 1
github.com/containerum/containerum/embark/pkg/kubeconf/config.go:74.3,77.5 1 1
github.com/containerum/containerum/embark/pkg/kubeconf/config.go:71.38,73.4 1 0
github.com/containerum/containerum/embark/pkg/kubeconf/config.go:103.53,106.34 3 1
github.com/containerum/containerum/embark/pkg/kubeconf/config.go:109.2,116.8 1 1
github.com/containerum/containerum/embark/pkg/kubeconf/config.go:106.34,108.3 1 0
github.com/containerum/containerum/embark/pkg/kubeconf/config.go:156.56,159.30 3 1
github.com/containerum/containerum/embark/pkg/kubeconf/config.go:162.2,163.30 2 1
github.com/containerum/containerum/embark/pkg/kubeconf/config.go:166.2,178.8 1 1
github.com/containerum/containerum/embark/pkg/kubeconf/config.go:159.30,161.3 1 0
github.com/containerum/containerum/embark/pkg/kubeconf/config.go:163.30,165.3 1 0
github.com/containerum/containerum/embark/pkg/models/components/components.go:9.35,11.2 1 1
github.com/containerum/containerum/embark/pkg/models/components/components.go:13.43,15.37 2 1
github.com/containerum/containerum/embark/pkg/models/components/components.go:18.2,18.11 1 1
github.com/containerum/containerum/embark/pkg/models/components/components.go:15.37,17.3 1 1
github.com/containerum/containerum/embark/pkg/models/components/components.go:21.53,23.37 2 0
github.com/containerum/containerum/embark/pkg/models/components/components.go:29.2,29.19 1 0
github.com/containerum/containerum/embark/pkg/models/components/components.go:23.37,28.3 1 0
github.com/containerum/containerum/embark/pkg/models/components/components.go:32.41,35.2 2 1
github.com/containerum/containerum/embark/pkg/models/components/components.go:37.42,39.2 1 0
github.com/containerum/containerum/embark/pkg/models/components/components.go:41.88,43.37 2 0
github.com/containerum/containerum/embark/pkg/models/components/components.go:51.2,51.17 1 0
github.com/containerum/containerum/embark/pkg/models/components/components.go:43.37,47.6 1 0
github.com/containerum/containerum/embark/pkg/models/components/components.go:47.6,49.4 1 0
github.com/containerum/containerum/embark/pkg/models/components/components.go:54.52,57.2 2 0
github.com/containerum/containerum/embark/pkg/models/components/components.go:59.68,61.9 2 0
github.com/containerum/containerum/embark/pkg/models/components/components.go:64.2,67.9 1 0
github.com/containerum/containerum/embark/pkg/models/components/components.go:61.9,63.3 1 0
github.com/containerum/containerum/embark/pkg/models/components/components.go:70.64,72.9 2 0
github.com/containerum/containerum/embark/pkg/models/components/components.go:75.2,78.3 1 0
github.com/containerum/containerum/embark/pkg/models/components/components.go:72.9,74.3 1 0
github.com/containerum/containerum/embark/pkg/models/components/components.go:81.42,83.26 2 0
github.com/containerum/containerum/embark/pkg/models/components/components.go:86.2,86.14 1 0
github.com/containerum/containerum/embark/pkg/models/components/components.go:83.26,85.3 1 0
github.com/containerum/containerum/embark/pkg/models/components/utils.go:3.67,5.25 2 1
github.com/containerum/containerum/embark/pkg/models/components/utils.go:23.2,23.11 1 1
github.com/containerum/containerum/embark/pkg/models/components/utils.go:5.25,6.24 1 1
github.com/containerum/containerum/embark/pkg/models/components/utils.go:7.12,8.12 1 0
github.com/containerum/containerum/embark/pkg/models/components/utils.go:9.31,10.23 1 1
github.com/containerum/containerum/embark/pkg/models/components/utils.go:11.17,12.36 1 1
github.com/containerum/containerum/embark/pkg/models/components/utils.go:13.14,14.33 1 1
github.com/containerum/containerum/embark/pkg/models/components/utils.go:15.22,16.41 1 1
github.com/containerum/containerum/embark/pkg/models/components/utils.go:17.18,18.20 1 1
github.com/containerum/containerum/embark/pkg/models/components/utils.go:19.11,20.13 1 1
github.com/containerum/containerum/embark/pkg/models/components/component.go:14.61,19.2 1 0
github.com/containerum/containerum/embark/pkg/models/components/component.go:21.49,25.2 3 0
github.com/containerum/containerum/embark/pkg/models/components/component.go:35.96,37.31 2 0
github.com/containerum/containerum/embark/pkg/models/components/component.go:42.2,42.15 1 0
github.com/containerum/containerum/embark/pkg/models/components/component.go:37.31,38.27 1 0
github.com/containerum/containerum/embark/pkg/models/components/component.go:38.27,40.4 1 0
github.com/containerum/containerum/embark/pkg/models/components/component.go:45.45,51.2 5 1
github.com/containerum/containerum/embark/pkg/models/components/component.go:53.51,55.43 2 0
github.com/containerum/containerum/embark/pkg/models/components/component.go:61.2,61.14 1 0
github.com/containerum/containerum/embark/pkg/models/components/component.go:55.43,60.3 4 0
github.com/containerum/containerum/embark/pkg/object/object.go:28.36,29.44 1 0
github.com/containerum/containerum/embark/pkg/object/object.go:30.14,31.14 1 0
github.com/containerum/containerum/embark/pkg/object/object.go:32.10,33.12 1 0
github.com/containerum/containerum/embark/pkg/object/object.go:37.53,39.2 1 0
github.com/containerum/containerum/embark/pkg/object/object.go:41.38,43.16 2 0
github.com/containerum/containerum/embark/pkg/object/object.go:46.2,46.21 1 0
github.com/containerum/containerum/embark/pkg/object/object.go:43.16,45.3 1 0
github.com/containerum/containerum/embark/pkg/object/object.go:49.57,51.2 1 0
github.com/containerum/containerum/embark/pkg/object/object.go:53.51,58.2 2 0
github.com/containerum/containerum/embark/pkg/object/object.go:60.51,65.44 3 1
github.com/containerum/containerum/embark/pkg/object/object.go:68.2,68.66 1 1
github.com/containerum/containerum/embark/pkg/object/object.go:71.2,71.20 1 1
github.com/containerum/containerum/embark/pkg/object/object.go:65.44,67.3 1 0
github.com/containerum/containerum/embark/pkg/object/object.go:68.66,70.3 1 0
github.com/containerum/containerum/embark/pkg/object/object.go:74.76,76.35 2 0
github.com/containerum/containerum/embark/pkg/object/object.go:76.35,78.3 1 0
github.com/containerum/containerum/embark/pkg/object/object.go:81.57,84.2 2 0
github.com/containerum/containerum/embark/pkg/object/object.go:86.53,87.24 1 0
github.com/containerum/containerum/embark/pkg/object/object.go:90.2,90.86 1 0
github.com/containerum/containerum/embark/pkg/object/object.go:93.2,93.20 1 0
github.com/containerum/containerum/embark/pkg/object/object.go:87.24,89.3 1 0
github.com/containerum/containerum/embark/pkg/object/object.go:90.86,91.13 1 0
github.com/containerum/containerum/embark/pkg/object/object.go:96.55,97.24 1 0
github.com/containerum/containerum/embark/pkg/object/object.go:100.2,100.20 1 0
github.com/containerum/containerum/embark/pkg/object/object.go:97.24,99.3 1 0
github.com/containerum/containerum/embark/pkg/object/object.go:103.52,105.2 1 0
github.com/containerum/containerum/embark/pkg/object/object.go:107.56,109.2 1 0
github.com/containerum/containerum/embark/pkg/object/object.go:111.57,113.2 1 0
github.com/containerum/containerum/embark/pkg/object/object.go:115.80,117.2 1 0
github.com/containerum/containerum/embark/pkg/object/object.go:121.23,122.32 1 1
github.com/containerum/containerum/embark/pkg/object/object.go:122.32,125.3 2 1
github.com/containerum/containerum/embark/pkg/object/object.go:128.13,130.2 1 1
github.com/containerum/containerum/embark/pkg/ogetter/objects.go:21.41,23.28 2 0
github.com/containerum/containerum/embark/pkg/ogetter/objects.go:26.2,27.14 2 0
github.com/containerum/containerum/embark/pkg/ogetter/objects.go:23.28,25.3 1 0
github.com/containerum/containerum/embark/pkg/ogetter/objects.go:30.131,33.31 3 1
github.com/containerum/containerum/embark/pkg/ogetter/objects.go:44.2,44.36 1 1
github.com/containerum/containerum/embark/pkg/ogetter/objects.go:76.2,76.12 1 1
github.com/containerum/containerum/embark/pkg/ogetter/objects.go:33.31,36.17 3 1
github.com/containerum/containerum/embark/pkg/ogetter/objects.go:36.17,41.4 1 0
github.com/containerum/containerum/embark/pkg/ogetter/objects.go:44.36,45.10 1 1
github.com/containerum/containerum/embark/pkg/ogetter/objects.go:46.37,47.12 1 1
github.com/containerum/containerum/embark/pkg/ogetter/objects.go:48.11,50.29 2 1
github.com/containerum/containerum/embark/pkg/ogetter/objects.go:53.4,59.33 4 1
github.com/containerum/containerum/embark/pkg/ogetter/objects.go:65.4,67.24 3 1
github.com/containerum/containerum/embark/pkg/ogetter/objects.go:73.4,73.22 1 1
github.com/containerum/containerum/embark/pkg/ogetter/objects.go:50.29,52.5 1 1
github.com/containerum/containerum/embark/pkg/ogetter/objects.go:59.33,64.5 1 0
github.com/containerum/containerum/embark/pkg/ogetter/objects.go:67.24,72.5 1 0
github.com/containerum/containerum/embark/pkg/ogetter/objects.go:79.51,82.2 2 1
github.com/containerum/containerum/embark/pkg/ogetter/objects.go:84.60,86.9 2 0
github.com/containerum/containerum/embark/pkg/ogetter/objects.go:92.2,95.8 1 0
github.com/containerum/containerum/embark/pkg/ogetter/objects.go:86.9,91.3 1 0
github.com/containerum/containerum/embark/pkg/ogetter/objects.go:98.41,100.34 2 0
github.com/containerum/containerum/embark/pkg/ogetter/objects.go:106.2,106.40 1 0
github.com/containerum/containerum/embark/pkg/ogetter/objects.go:109.2,109.14 1 0
github.com/containerum/containerum/embark/pkg/ogetter/objects.go:100.34,105.3 1 0
github.com/containerum/containerum/embark/pkg/ogetter/objects.go:106.40,108.3 1 0
github.com/containerum/containerum/embark/pkg/ogetter/objects.go:117.109,120.16 3 0
github.com/containerum/containerum/embark/pkg/ogetter/objects.go:123.2,123.37 1 0
github.com/containerum/containerum/embark/pkg/ogetter/objects.go:120.16,122.3 1 0
github.com/containerum/containerum/embark/pkg/ogetter/objects.go:127.58,130.37 2 1
github.com/containerum/containerum/embark/pkg/ogetter/objects.go:135.2,135.75 1 1
github.com/containerum/containerum/embark/pkg/ogetter/objects.go:144.2,144.80 1 1
github.com/containerum/containerum/embark/pkg/ogetter/objects.go:154.2,154.16 1 1
github.com/containerum/containerum/embark/pkg/ogetter/objects.go:130.37,132.3 1 1
github.com/containerum/containerum/embark/pkg/ogetter/objects.go:135.75,137.60 2 0
github.com/containerum/containerum/embark/pkg/ogetter/objects.go:140.3,140.27 1 0
github.com/containerum/containerum/embark/pkg/ogetter/objects.go:137.60,139.4 1 0
github.com/containerum/containerum/embark/pkg/ogetter/objects.go:144.80,145.17 1 0
github.com/containerum/containerum/embark/pkg/ogetter/objects.go:152.3,152.18 1 0
github.com/containerum/containerum/embark/pkg/ogetter/objects.go:145.17,147.4 1 0
github.com/containerum/containerum/embark/pkg/ogetter/objects.go:147.9,147.39 1 0
github.com/containerum/containerum/embark/pkg/ogetter/objects.go:147.39,148.17 1 0
github.com/containerum/containerum/embark/pkg/ogetter/objects.go:148.17,150.5 1 0
github.com/containerum/containerum/embark/pkg/ogetter/retrieve.go:9.24,13.2 1 1
github.com/containerum/containerum/embark/pkg/ogetter/retrieve.go:18.83,21.41 3 0
github.com/containerum/containerum/embark/pkg/ogetter/retrieve.go:33.2,33.21 1 0
github.com/containerum/containerum/embark/pkg/ogetter/retrieve.go:21.41,23.55 2 0
github.com/containerum/containerum/embark/pkg/ogetter/retrieve.go:24.33,25.29 1 0
github.com/containerum/containerum/embark/pkg/ogetter/retrieve.go:28.11,30.12 2 0
github.com/containerum/containerum/embark/pkg/ogetter/retrieve.go:25.29,27.5 1 0
github.com/containerum/containerum/embark/pkg/ogetter/retrieve.go:36.13,37.32 1 1
github.com/containerum/containerum/embark/pkg/ogetter/retrieve.go:37.32,39.3 1 1
github.com/containerum/containerum/embark/pkg/ogetter/utils.go:9.25,14.2 1 1
github.com/containerum/containerum/embark/pkg/ogetter/utils.go:18.35,20.2 1 0
github.com/containerum/containerum/embark/pkg/ogetter/utils.go:22.35,24.2 1 1
github.com/containerum/containerum/embark/pkg/ogetter/utils.go:26.57,31.2 4 1
github.com/containerum/containerum/embark/pkg/ogetter/embeddedFS.go:31.67,33.24 2 1
github.com/containerum/containerum/embark/pkg/ogetter/embeddedFS.go:36.2,39.31 2 1
github.com/containerum/containerum/embark/pkg/ogetter/embeddedFS.go:54.2,54.15 1 1
github.com/containerum/containerum/embark/pkg/ogetter/embeddedFS.go:33.24,34.131 1 0
github.com/containerum/containerum/embark/pkg/ogetter/embeddedFS.go:39.31,40.3 1 1
github.com/containerum/containerum/embark/pkg/ogetter/embeddedFS.go:48.3,49.43 2 1
github.com/containerum/containerum/embark/pkg/ogetter/embeddedFS.go:52.3,52.36 1 1
github.com/containerum/containerum/embark/pkg/ogetter/embeddedFS.go:40.3,44.43 4 1
github.com/containerum/containerum/embark/pkg/ogetter/embeddedFS.go:44.43,45.13 1 1
github.com/containerum/containerum/embark/pkg/ogetter/embeddedFS.go:49.43,50.12 1 1
github.com/containerum/containerum/embark/pkg/ogetter/embeddedFS.go:58.61,60.34 2 1
github.com/containerum/containerum/embark/pkg/ogetter/embeddedFS.go:63.2,63.14 1 1
github.com/containerum/containerum/embark/pkg/ogetter/embeddedFS.go:60.34,62.3 1 1
github.com/containerum/containerum/embark/pkg/ogetter/embeddedFS.go:66.82,68.17 2 1
github.com/containerum/containerum/embark/pkg/ogetter/embeddedFS.go:71.2,74.3 1 0
github.com/containerum/containerum/embark/pkg/ogetter/embeddedFS.go:68.17,70.3 1 1
github.com/containerum/containerum/embark/pkg/ogetter/embeddedFS.go:77.82,79.18 2 1
github.com/containerum/containerum/embark/pkg/ogetter/embeddedFS.go:90.2,93.3 1 0
github.com/containerum/containerum/embark/pkg/ogetter/embeddedFS.go:79.18,81.25 2 1
github.com/containerum/containerum/embark/pkg/ogetter/embeddedFS.go:87.3,88.18 2 1
github.com/containerum/containerum/embark/pkg/ogetter/embeddedFS.go:81.25,86.4 1 0
github.com/containerum/containerum/embark/pkg/ogetter/fsgetter.go:29.52,34.2 2 0
github.com/containerum/containerum/embark/pkg/ogetter/fsgetter.go:36.54,38.23 2 0
github.com/containerum/containerum/embark/pkg/ogetter/fsgetter.go:41.2,42.18 2 0
github.com/containerum/containerum/embark/pkg/ogetter/fsgetter.go:38.23,39.20 1 0
github.com/containerum/containerum/embark/pkg/ogetter/fsgetter.go:45.53,47.2 1 0
github.com/containerum/containerum/embark/pkg/ogetter/fsgetter.go:49.61,50.53 1 0
github.com/containerum/containerum/embark/pkg/ogetter/fsgetter.go:53.2,55.23 3 0
github.com/containerum/containerum/embark/pkg/ogetter/fsgetter.go:61.2,61.31 1 0
github.com/containerum/containerum/embark/pkg/ogetter/fsgetter.go:68.2,69.21 2 0
github.com/containerum/containerum/embark/pkg/ogetter/fsgetter.go:50.53,52.3 1 0
github.com/containerum/containerum/embark/pkg/ogetter/fsgetter.go:55.23,60.3 1 0
github.com/containerum/containerum/embark/pkg/ogetter/fsgetter.go:61.31,62.47 1 0
github.com/containerum/containerum/embark/pkg/ogetter/fsgetter.go:65.3,66.60 2 0
github.com/containerum/containerum/embark/pkg/ogetter/fsgetter.go:62.47,63.12 1 0
github.com/containerum/containerum/embark/pkg/ogetter/fsgetter.go:72.75,74.26 2 0
github.com/containerum/containerum/embark/pkg/ogetter/fsgetter.go:77.2,78.13 2 0
github.com/containerum/containerum/embark/pkg/ogetter/fsgetter.go:84.2,85.30 2 0
github.com/containerum/containerum/embark/pkg/ogetter/fsgetter.go:91.2,93.27 3 0
github.com/containerum/containerum/embark/pkg/ogetter/fsgetter.go:99.2,99.23 1 0
github.com/containerum/containerum/embark/pkg/ogetter/fsgetter.go:74.26,76.3 1 0
github.com/containerum/containerum/embark/pkg/ogetter/fsgetter.go:78.13,83.3 1 0
github.com/containerum/containerum/embark/pkg/ogetter/fsgetter.go:85.30,90.3 1 0
github.com/containerum/containerum/embark/pkg/ogetter/fsgetter.go:93.27,98.3 1 0
github.com/containerum/containerum/embark/pkg/ogetter/fsgetter.go:104.47,106.31 2 0
github.com/containerum/containerum/embark/pkg/ogetter/fsgetter.go:109.2,109.14 1 0
github.com/containerum/containerum/embark/pkg/ogetter/fsgetter.go:106.31,108.3 1 0
github.com/containerum/containerum/embark/pkg/ogetter/fsgetter.go:112.48,114.31 2 0
github.com/containerum/containerum/embark/pkg/ogetter/fsgetter.go:117.2,117.11 1 0
github.com/containerum/containerum/embark/pkg/ogetter/fsgetter.go:114.31,116.3 1 0
github.com/containerum/containerum/embark/pkg/renderer/component.go:15.79,21.2 2 1
github.com/containerum/containerum/embark/pkg/renderer/component.go:23.60,25.2 1 1
github.com/containerum/containerum/embark/pkg/renderer/component.go:27.50,29.2 1 0
github.com/containerum/containerum/embark/pkg/renderer/component.go:33.63,34.40 1 0
github.com/containerum/containerum/embark/pkg/renderer/component.go:39.2,39.12 1 0
github.com/containerum/containerum/embark/pkg/renderer/component.go:34.40,35.33 1 0
github.com/containerum/containerum/embark/pkg/renderer/component.go:35.33,37.4 1 0
github.com/containerum/containerum/embark/pkg/renderer/component.go:44.70,45.60 1 1
github.com/containerum/containerum/embark/pkg/renderer/component.go:57.2,57.12 1 1
github.com/containerum/containerum/embark/pkg/renderer/component.go:45.60,47.29 2 1
github.com/containerum/containerum/embark/pkg/renderer/component.go:53.3,53.38 1 1
github.com/containerum/containerum/embark/pkg/renderer/component.go:47.29,49.26 2 1
github.com/containerum/containerum/embark/pkg/renderer/component.go:49.26,51.5 1 1
github.com/containerum/containerum/embark/pkg/renderer/component.go:53.38,55.4 1 0
github.com/containerum/containerum/embark/pkg/renderer/ordering.go:11.30,19.2 1 1
github.com/containerum/containerum/embark/pkg/renderer/ordering.go:21.13,23.29 2 1
github.com/containerum/containerum/embark/pkg/renderer/ordering.go:23.29,25.3 1 1
github.com/containerum/containerum/embark/pkg/renderer/ordering.go:28.38,30.2 1 1
github.com/containerum/containerum/embark/pkg/renderer/ordering.go:32.41,33.42 1 1
github.com/containerum/containerum/embark/pkg/renderer/ordering.go:33.42,36.13 3 1
github.com/containerum/containerum/embark/pkg/renderer/ordering.go:39.3,39.15 1 1
github.com/containerum/containerum/embark/pkg/renderer/ordering.go:36.13,38.4 1 1
github.com/containerum/containerum/embark/pkg/renderer/ordering.go:43.62,46.22 3 1
github.com/containerum/containerum/embark/pkg/renderer/ordering.go:49.2,52.33 4 1
github.com/containerum/containerum/embark/pkg/renderer/ordering.go:62.2,63.16 2 1
github.com/containerum/containerum/embark/pkg/renderer/ordering.go:46.22,48.3 1 0
github.com/containerum/containerum/embark/pkg/renderer/ordering.go:52.33,54.31 2 1
github.com/containerum/containerum/embark/pkg/renderer/ordering.go:60.3,60.32 1 1
github.com/containerum/containerum/embark/pkg/renderer/ordering.go:54.31,59.4 4 1
github.com/containerum/containerum/embark/pkg/renderer/renderer.go:33.71,44.27 10 1
github.com/containerum/containerum/embark/pkg/renderer/renderer.go:61.2,62.29 2 1
github.com/containerum/containerum/embark/pkg/renderer/renderer.go:87.2,87.29 1 1
github.com/containerum/containerum/embark/pkg/renderer/renderer.go:109.2,109.49 1 1
github.com/containerum/containerum/embark/pkg/renderer/renderer.go:44.27,47.64 3 1
github.com/containerum/containerum/embark/pkg/renderer/renderer.go:50.3,54.33 3 1
github.com/containerum/containerum/embark/pkg/renderer/renderer.go:47.64,49.4 1 0
github.com/containerum/containerum/embark/pkg/renderer/renderer.go:54.33,59.4 1 0
github.com/containerum/containerum/embark/pkg/renderer/renderer.go:62.29,63.15 1 1
github.com/containerum/containerum/embark/pkg/renderer/renderer.go:64.23,65.12 1 0
github.com/containerum/containerum/embark/pkg/renderer/renderer.go:66.11,69.61 3 1
github.com/containerum/containerum/embark/pkg/renderer/renderer.go:75.4,79.37 3 1
github.com/containerum/containerum/embark/pkg/renderer/renderer.go:69.61,74.5 1 0
github.com/containerum/containerum/embark/pkg/renderer/renderer.go:79.37,84.5 1 0
github.com/containerum/containerum/embark/pkg/renderer/renderer.go:87.29,88.10 1 1
github.com/containerum/containerum/embark/pkg/renderer/renderer.go:92.3,94.76 3 1
github.com/containerum/containerum/embark/pkg/renderer/renderer.go:100.3,101.29 2 1
github.com/containerum/containerum/embark/pkg/renderer/renderer.go:107.3,107.36 1 1
github.com/containerum/containerum/embark/pkg/renderer/renderer.go:89.52,90.12 1 0
github.com/containerum/containerum/embark/pkg/renderer/renderer.go:94.76,99.4 1 0
github.com/containerum/containerum/embark/pkg/renderer/renderer.go:101.29,106.4 1 0
github.com/containerum/containerum/embark/pkg/renderer/renderer.go:112.65,115.29 3 1
github.com/containerum/containerum/embark/pkg/renderer/renderer.go:118.2,118.32 1 1
github.com/containerum/containerum/embark/pkg/renderer/renderer.go:115.29,117.3 1 1
github.com/containerum/containerum/embark/pkg/renderer/renderer.go:118.32,121.3 2 1
github.com/containerum/containerum/embark/pkg/renderer/values.go:15.29,24.2 1 1
github.com/containerum/containerum/embark/pkg/builder/download.go:12.77,14.16 2 0
github.com/containerum/containerum/embark/pkg/builder/download.go:17.2,19.22 3 0
github.com/containerum/containerum/embark/pkg/builder/download.go:22.2,22.12 1 0
github.com/containerum/containerum/embark/pkg/builder/download.go:14.16,16.3 1 0
github.com/containerum/containerum/embark/pkg/builder/download.go:19.22,21.3 1 0
github.com/containerum/containerum/embark/pkg/builder/download.go:29.55,32.2 2 0
github.com/containerum/containerum/embark/pkg/builder/graphBuilder.go:26.75,39.12 11 0
github.com/containerum/containerum/embark/pkg/builder/graphBuilder.go:56.2,56.39 1 0
github.com/containerum/containerum/embark/pkg/builder/graphBuilder.go:69.2,73.22 4 0
github.com/containerum/containerum/embark/pkg/builder/graphBuilder.go:76.2,76.12 1 0
github.com/containerum/containerum/embark/pkg/builder/graphBuilder.go:39.12,47.28 5 0
github.com/containerum/containerum/embark/pkg/builder/graphBuilder.go:52.3,54.18 3 0
github.com/containerum/containerum/embark/pkg/builder/graphBuilder.go:47.28,51.4 3 0
github.com/containerum/containerum/embark/pkg/builder/graphBuilder.go:56.39,58.30 2 0
github.com/containerum/containerum/embark/pkg/builder/graphBuilder.go:58.30,60.18 2 0
github.com/containerum/containerum/embark/pkg/builder/graphBuilder.go:65.4,66.14 2 0
github.com/containerum/containerum/embark/pkg/builder/graphBuilder.go:60.18,64.5 3 0
github.com/containerum/containerum/embark/pkg/builder/graphBuilder.go:73.22,75.3 1 0
github.com/containerum/containerum/embark/pkg/builder/graphBuilder.go:84.75,86.31 2 0
github.com/containerum/containerum/embark/pkg/builder/graphBuilder.go:91.2,91.15 1 0
github.com/containerum/containerum/embark/pkg/builder/graphBuilder.go:86.31,87.27 1 0
github.com/containerum/containerum/embark/pkg/builder/graphBuilder.go:87.27,89.4 1 0
github.com/containerum/containerum/embark/pkg/builder/graphBuilder.go:103.67,104.36 1 0
github.com/containerum/containerum/embark/pkg/builder/graphBuilder.go:104.36,106.3 1 0
github.com/containerum/containerum/embark/pkg/builder/graphBuilder.go:109.121,113.33 2 0
github.com/containerum/containerum/embark/pkg/builder/graphBuilder.go:116.2,117.41 2 0
github.com/containerum/containerum/embark/pkg/builder/graphBuilder.go:176.2,176.24 1 0
github.com/containerum/containerum/embark/pkg/builder/graphBuilder.go:113.33,115.3 1 0
github.com/containerum/containerum/embark/pkg/builder/graphBuilder.go:117.41,122.3 4 0
github.com/containerum/containerum/embark/pkg/builder/graphBuilder.go:132.3,133.3 2 0
github.com/containerum/containerum/embark/pkg/builder/graphBuilder.go:143.3,148.31 4 0
github.com/containerum/containerum/embark/pkg/builder/graphBuilder.go:152.3,168.78 4 0
github.com/containerum/containerum/embark/pkg/builder/graphBuilder.go:171.3,174.5 1 0
github.com/containerum/containerum/embark/pkg/builder/graphBuilder.go:122.3,124.74 2 0
github.com/containerum/containerum/embark/pkg/builder/graphBuilder.go:127.4,127.84 1 0
github.com/containerum/containerum/embark/pkg/builder/graphBuilder.go:124.74,126.5 1 0
github.com/containerum/containerum/embark/pkg/builder/graphBuilder.go:127.84,129.5 1 0
github.com/containerum/containerum/embark/pkg/builder/graphBuilder.go:133.3,135.72 2 0
github.com/containerum/containerum/embark/pkg/builder/graphBuilder.go:138.4,138.71 1 0
github.com/containerum/containerum/embark/pkg/builder/graphBuilder.go:135.72,137.5 1 0
github.com/containerum/containerum/embark/pkg/builder/graphBuilder.go:138.71,140.5 1 0
github.com/containerum/containerum/embark/pkg/builder/graphBuilder.go:148.31,150.4 1 0
github.com/containerum/containerum/embark/pkg/builder/graphBuilder.go:168.78,170.4 1 0
github.com/containerum/containerum/embark/pkg/builder/graphBuilder.go:179.87,181.39 2 0
github.com/containerum/containerum/embark/pkg/builder/graphBuilder.go:187.2,187.29 1 0
github.com/containerum/containerum/embark/pkg/builder/graphBuilder.go:181.39,183.77 2 0
github.com/containerum/containerum/embark/pkg/builder/graphBuilder.go:183.77,185.4 1 0
github.com/containerum/containerum/embark/pkg/builder/install_native.go:148.38,150.2 1 0
github.com/containerum/containerum/embark/pkg/builder/install_native.go:152.36,154.2 1 0
github.com/containerum/containerum/embark/pkg/builder/install_native.go:156.46,157.53 1 0
github.com/containerum/containerum/embark/pkg/builder/install_native.go:160.2,160.12 1 0
github.com/containerum/containerum/embark/pkg/builder/install_native.go:157.53,159.3 1 0
github.com/containerum/containerum/embark/pkg/builder/install_native.go:163.68,174.55 2 0
github.com/containerum/containerum/embark/pkg/builder/install_native.go:196.2,223.12 26 0
github.com/containerum/containerum/embark/pkg/builder/install_native.go:174.55,180.40 1 0
github.com/containerum/containerum/embark/pkg/builder/install_native.go:185.4,187.18 2 0
github.com/containerum/containerum/embark/pkg/builder/install_native.go:190.4,192.21 2 0
github.com/containerum/containerum/embark/pkg/builder/install_native.go:180.40,183.5 1 0
github.com/containerum/containerum/embark/pkg/builder/install_native.go:187.18,189.5 1 0
github.com/containerum/containerum/embark/pkg/builder/install_native.go:226.34,229.23 1 0
github.com/containerum/containerum/embark/pkg/builder/install_native.go:233.2,234.16 2 0
github.com/containerum/containerum/embark/pkg/builder/install_native.go:239.2,239.26 1 0
github.com/containerum/containerum/embark/pkg/builder/install_native.go:249.2,250.16 2 0
github.com/containerum/containerum/embark/pkg/builder/install_native.go:254.2,254.72 1 0
github.com/containerum/containerum/embark/pkg/builder/install_native.go:286.2,299.16 2 0
github.com/containerum/containerum/embark/pkg/builder/install_native.go:303.2,304.16 2 0
github.com/containerum/containerum/embark/pkg/builder/install_native.go:307.2,310.14 2 0
github.com/containerum/containerum/embark/pkg/builder/install_native.go:319.2,320.16 2 0
github.com/containerum/containerum/embark/pkg/builder/install_native.go:323.2,324.12 2 0
github.com/containerum/containerum/embark/pkg/builder/install_native.go:229.23,231.3 1 0
github.com/containerum/containerum/embark/pkg/builder/install_native.go:234.16,236.3 1 0
github.com/containerum/containerum/embark/pkg/builder/install_native.go:239.26,241.17 2 0
github.com/containerum/containerum/embark/pkg/builder/install_native.go:245.3,245.41 1 0
github.com/containerum/containerum/embark/pkg/builder/install_native.go:241.17,243.4 1 0
github.com/containerum/containerum/embark/pkg/builder/install_native.go:250.16,252.3 1 0
github.com/containerum/containerum/embark/pkg/builder/install_native.go:254.72,258.64 1 0
github.com/containerum/containerum/embark/pkg/builder/install_native.go:258.64,259.15 1 0
github.com/containerum/containerum/embark/pkg/builder/install_native.go:259.15,268.40 2 0
github.com/containerum/containerum/embark/pkg/builder/install_native.go:273.5,274.19 2 0
github.com/containerum/containerum/embark/pkg/builder/install_native.go:268.40,270.6 1 0
github.com/containerum/containerum/embark/pkg/builder/install_native.go:274.19,276.6 1 0
github.com/containerum/containerum/embark/pkg/builder/install_native.go:277.10,279.5 1 0
github.com/containerum/containerum/embark/pkg/builder/install_native.go:282.8,282.53 1 0
github.com/containerum/containerum/embark/pkg/builder/install_native.go:282.53,284.3 1 0
github.com/containerum/containerum/embark/pkg/builder/install_native.go:299.16,301.3 1 0
github.com/containerum/containerum/embark/pkg/builder/install_native.go:304.16,306.3 1 0
github.com/containerum/containerum/embark/pkg/builder/install_native.go:310.14,312.57 1 0
github.com/containerum/containerum/embark/pkg/builder/install_native.go:315.3,315.13 1 0
github.com/containerum/containerum/embark/pkg/builder/install_native.go:312.57,314.4 1 0
github.com/containerum/containerum/embark/pkg/builder/install_native.go:320.16,322.3 1 0
github.com/containerum/containerum/embark/pkg/builder/install_native.go:327.80,327.81 0 0
github.com/containerum/containerum/embark/pkg/builder/install_native.go:330.98,331.24 1 0
github.com/containerum/containerum/embark/pkg/builder/install_native.go:353.2,353.13 1 0
github.com/containerum/containerum/embark/pkg/builder/install_native.go:331.24,333.36 1 0
github.com/containerum/containerum/embark/pkg/builder/install_native.go:337.3,339.10 2 0
github.com/containerum/containerum/embark/pkg/builder/install_native.go:344.3,346.13 2 0
github.com/containerum/containerum/embark/pkg/builder/install_native.go:351.3,351.42 1 0
github.com/containerum/containerum/embark/pkg/builder/install_native.go:333.36,335.12 2 0
github.com/containerum/containerum/embark/pkg/builder/install_native.go:339.10,341.12 2 0
github.com/containerum/containerum/embark/pkg/builder/install_native.go:346.13,348.12 2 0
github.com/containerum/containerum/embark/pkg/builder/install_native.go:358.145,362.38 2 0
github.com/containerum/containerum/embark/pkg/builder/install_native.go:385.2,385.31 1 0
github.com/containerum/containerum/embark/pkg/builder/install_native.go:392.2,392.37 1 0
github.com/containerum/containerum/embark/pkg/builder/install_native.go:409.2,409.27 1 0
github.com/containerum/containerum/embark/pkg/builder/install_native.go:362.38,367.41 4 0
github.com/containerum/containerum/embark/pkg/builder/install_native.go:373.3,373.17 1 0
github.com/containerum/containerum/embark/pkg/builder/install_native.go:377.3,377.60 1 0
github.com/containerum/containerum/embark/pkg/builder/install_native.go:381.3,381.39 1 0
github.com/containerum/containerum/embark/pkg/builder/install_native.go:367.41,369.4 1 0
github.com/containerum/containerum/embark/pkg/builder/install_native.go:369.9,371.4 1 0
github.com/containerum/containerum/embark/pkg/builder/install_native.go:373.17,375.4 1 0
github.com/containerum/containerum/embark/pkg/builder/install_native.go:377.60,379.4 1 0
github.com/containerum/containerum/embark/pkg/builder/install_native.go:385.31,386.56 1 0
github.com/containerum/containerum/embark/pkg/builder/install_native.go:386.56,388.4 1 0
github.com/containerum/containerum/embark/pkg/builder/install_native.go:392.37,393.62 1 0
github.com/containerum/containerum/embark/pkg/builder/install_native.go:393.62,395.4 1 0
github.com/containerum/containerum/embark/pkg/builder/install_native.go:413.57,414.16 1 0
github.com/containerum/containerum/embark/pkg/builder/install_native.go:418.2,419.20 2 0
github.com/containerum/containerum/embark/pkg/builder/install_native.go:414.16,416.3 1 0
github.com/containerum/containerum/embark/pkg/builder/install_native.go:419.20,421.3 1 0
github.com/containerum/containerum/embark/pkg/builder/install_native.go:424.58,426.2 0 0
github.com/containerum/containerum/embark/pkg/builder/install_native.go:440.52,443.42 3 0
github.com/containerum/containerum/embark/pkg/builder/install_native.go:458.2,458.58 1 0
github.com/containerum/containerum/embark/pkg/builder/install_native.go:462.2,463.42 2 0
github.com/containerum/containerum/embark/pkg/builder/install_native.go:467.2,475.12 2 0
github.com/containerum/containerum/embark/pkg/builder/install_native.go:478.2,478.19 1 0
github.com/containerum/containerum/embark/pkg/builder/install_native.go:487.2,487.68 1 0
github.com/containerum/containerum/embark/pkg/builder/install_native.go:491.2,492.16 2 0
github.com/containerum/containerum/embark/pkg/builder/install_native.go:503.2,503.104 1 0
github.com/containerum/containerum/embark/pkg/builder/install_native.go:443.42,445.17 2 0
github.com/containerum/containerum/embark/pkg/builder/install_native.go:448.3,448.13 1 0
github.com/containerum/containerum/embark/pkg/builder/install_native.go:456.3,456.18 1 0
github.com/containerum/containerum/embark/pkg/builder/install_native.go:445.17,447.4 1 0
github.com/containerum/containerum/embark/pkg/builder/install_native.go:448.13,449.18 1 0
github.com/containerum/containerum/embark/pkg/builder/install_native.go:452.4,452.66 1 0
github.com/containerum/containerum/embark/pkg/builder/install_native.go:449.18,451.5 1 0
github.com/containerum/containerum/embark/pkg/builder/install_native.go:452.66,454.5 1 0
github.com/containerum/containerum/embark/pkg/builder/install_native.go:458.58,460.3 1 0
github.com/containerum/containerum/embark/pkg/builder/install_native.go:463.42,465.3 1 0
github.com/containerum/containerum/embark/pkg/builder/install_native.go:475.12,477.3 1 0
github.com/containerum/containerum/embark/pkg/builder/install_native.go:478.19,481.17 2 0
github.com/containerum/containerum/embark/pkg/builder/install_native.go:484.3,484.18 1 0
github.com/containerum/containerum/embark/pkg/builder/install_native.go:481.17,483.4 1 0
github.com/containerum/containerum/embark/pkg/builder/install_native.go:487.68,489.3 1 0
github.com/containerum/containerum/embark/pkg/builder/install_native.go:492.16,494.17 2 0
github.com/containerum/containerum/embark/pkg/builder/install_native.go:498.3,498.20 1 0
github.com/containerum/containerum/embark/pkg/builder/install_native.go:494.17,496.4 1 0
github.com/containerum/containerum/embark/pkg/builder/install_native.go:499.8,499.27 1 0
github.com/containerum/containerum/embark/pkg/builder/install_native.go:499.27,501.3 1 0
github.com/containerum/containerum/embark/pkg/builder/install_native.go:506.56,508.16 2 0
github.com/containerum/containerum/embark/pkg/builder/install_native.go:511.2,513.16 3 0
github.com/containerum/containerum/embark/pkg/builder/install_native.go:516.2,516.24 1 0
github.com/containerum/containerum/embark/pkg/builder/install_native.go:508.16,510.3 1 0
github.com/containerum/containerum/embark/pkg/builder/install_native.go:513.16,515.3 1 0
github.com/containerum/containerum/embark/pkg/builder/install_native.go:519.32,524.2 1 0
github.com/containerum/containerum/embark/pkg/builder/install_native.go:526.77,530.38 3 0
github.com/containerum/containerum/embark/pkg/builder/install_native.go:543.2,543.22 1 0
github.com/containerum/containerum/embark/pkg/builder/install_native.go:546.2,546.12 1 0
github.com/containerum/containerum/embark/pkg/builder/install_native.go:530.38,532.26 2 0
github.com/containerum/containerum/embark/pkg/builder/install_native.go:538.3,538.13 1 0
github.com/containerum/containerum/embark/pkg/builder/install_native.go:532.26,533.33 1 0
github.com/containerum/containerum/embark/pkg/builder/install_native.go:533.33,535.10 2 0
github.com/containerum/containerum/embark/pkg/builder/install_native.go:538.13,540.4 1 0
github.com/containerum/containerum/embark/pkg/builder/install_native.go:543.22,545.3 1 0
github.com/containerum/containerum/embark/pkg/builder/install_native.go:550.75,557.16 4 0
github.com/containerum/containerum/embark/pkg/builder/install_native.go:561.2,562.16 2 0
github.com/containerum/containerum/embark/pkg/builder/install_native.go:565.2,566.26 2 0
github.com/containerum/containerum/embark/pkg/builder/install_native.go:557.16,559.3 1 0
github.com/containerum/containerum/embark/pkg/builder/install_native.go:562.16,564.3 1 0
github.com/containerum/containerum/embark/pkg/builder/install_native.go:571.35,573.2 1 0
github.com/containerum/containerum/embark/pkg/builder/utils.go:12.50,14.16 2 0
github.com/containerum/containerum/embark/pkg/builder/utils.go:17.2,17.33 1 0
github.com/containerum/containerum/embark/pkg/builder/utils.go:14.16,16.3 1 0
github.com/containerum/containerum/embark/pkg/builder/utils.go:20.41,22.36 2 0
github.com/containerum/containerum/embark/pkg/builder/utils.go:25.2,25.12 1 0
github.com/containerum/containerum/embark/pkg/builder/utils.go:22.36,24.3 1 0
github.com/containerum/containerum/embark/pkg/builder/utils.go:28.63,30.39 2 0
github.com/containerum/containerum/embark/pkg/builder/utils.go:36.2,36.14 1 0
github.com/containerum/containerum/embark/pkg/builder/utils.go:30.39,32.16 2 0
github.com/containerum/containerum/embark/pkg/builder/utils.go:32.16,34.4 1 0
